<?xml version="1.0" encoding="UTF-8"?>
<testsuite name="BalanceTest" tests="13" skipped="0" failures="0" errors="0" timestamp="2022-09-28T18:55:54" hostname="LENOVO_G780" time="1.816">
  <properties/>
  <testcase name="minusBalanceTest()" classname="BalanceTest" time="0.616"/>
  <testcase name="repetition 1 of 4" classname="BalanceTest" time="0.017"/>
  <testcase name="repetition 2 of 4" classname="BalanceTest" time="0.008"/>
  <testcase name="repetition 3 of 4" classname="BalanceTest" time="0.007"/>
  <testcase name="repetition 4 of 4" classname="BalanceTest" time="0.014"/>
  <testcase name="[1] 200" classname="BalanceTest" time="0.125"/>
  <testcase name="[2] 300" classname="BalanceTest" time="0.023"/>
  <testcase name="[3] 400" classname="BalanceTest" time="0.011"/>
  <testcase name="[4] 500" classname="BalanceTest" time="0.017"/>
  <testcase name="[5] 200" classname="BalanceTest" time="0.022"/>
  <testcase name="[6] 300" classname="BalanceTest" time="0.048"/>
  <testcase name="[7] 400" classname="BalanceTest" time="0.039"/>
  <testcase name="plusBalanceTest()" classname="BalanceTest" time="0.532"/>
  <system-out><![CDATA[Before all works
]]></system-out>
  <system-err><![CDATA[]]></system-err>
</testsuite>
